<?xml version="1.0" encoding="utf-8"?><testsuites name="pytest tests"><testsuite name="pytest" errors="0" failures="0" skipped="0" tests="14" time="3.255" timestamp="2026-04-02T08:22:48.559670+00:00" hostname="agent-env-34073451-29bb-4bec-ab81-d106f55a76e0"><testcase classname="tests.test_automation_api.TestAutomationQuickActions" name="test_quick_start_endpoint" time="0.202" /><testcase classname="tests.test_automation_api.TestAutomationQuickActions" name="test_optimize_now_endpoint" time="0.136" /><testcase classname="tests.test_automation_api.TestAutomationQuickActions" name="test_auto_heal_now_endpoint" time="0.124" /><testcase classname="tests.test_automation_api.TestAutonomousMode" name="test_get_autonomous_status" time="0.437" /><testcase classname="tests.test_automation_api.TestAutonomousMode" name="test_enable_autonomous" time="0.211" /><testcase classname="tests.test_automation_api.TestAutonomousMode" name="test_disable_autonomous" time="0.228" /><testcase classname="tests.test_automation_api.TestAutomationPresets" name="test_get_presets" time="0.109" /><testcase classname="tests.test_automation_api.TestAutomationPresets" name="test_apply_development_preset" time="0.145" /><testcase classname="tests.test_automation_api.TestAutomationPresets" name="test_apply_production_preset" time="0.543" /><testcase classname="tests.test_automation_api.TestAutomationPresets" name="test_apply_testing_preset" time="0.182" /><testcase classname="tests.test_automation_api.TestWebDashboardEndpoints" name="test_dashboard_info" time="0.127" /><testcase classname="tests.test_automation_api.TestWebDashboardEndpoints" name="test_dashboard_quick_stats" time="0.132" /><testcase classname="tests.test_automation_api.TestWebDashboardEndpoints" name="test_system_info" time="0.128" /><testcase classname="tests.test_automation_api.TestOpenClawStatus" name="test_openclaw_status" time="0.429" /></testsuite></testsuites>