<?xml version="1.0" encoding="utf-8"?><testsuites name="pytest tests"><testsuite name="pytest" errors="0" failures="0" skipped="0" tests="27" time="39.128" timestamp="2026-04-02T16:36:31.544974+00:00" hostname="agent-env-34073451-29bb-4bec-ab81-d106f55a76e0"><testcase classname="tests.test_creator_api.TestCreatorStatus" name="test_creator_status" time="0.169" /><testcase classname="tests.test_creator_api.TestDemoDataSeeding" name="test_seed_demo_data" time="0.131" /><testcase classname="tests.test_creator_api.TestCreatorProfile" name="test_get_profile_empty" time="0.113" /><testcase classname="tests.test_creator_api.TestCreatorProfile" name="test_create_profile" time="0.113" /><testcase classname="tests.test_creator_api.TestCreatorProfile" name="test_update_profile" time="0.106" /><testcase classname="tests.test_creator_api.TestCreatorProfile" name="test_get_profile_by_user_id" time="0.128" /><testcase classname="tests.test_creator_api.TestCreatorProfile" name="test_list_creators" time="0.133" /><testcase classname="tests.test_creator_api.TestPortfolioManagement" name="test_add_portfolio_item" time="0.115" /><testcase classname="tests.test_creator_api.TestPortfolioManagement" name="test_delete_portfolio_item" time="0.136" /><testcase classname="tests.test_creator_api.TestMarketplaceSearch" name="test_search_all_tools" time="0.124" /><testcase classname="tests.test_creator_api.TestMarketplaceSearch" name="test_search_with_query" time="0.117" /><testcase classname="tests.test_creator_api.TestMarketplaceSearch" name="test_search_with_category_filter" time="0.110" /><testcase classname="tests.test_creator_api.TestMarketplaceSearch" name="test_search_with_price_filter" time="0.109" /><testcase classname="tests.test_creator_api.TestMarketplaceSearch" name="test_search_with_rating_filter" time="0.115" /><testcase classname="tests.test_creator_api.TestMarketplaceSearch" name="test_search_with_sort" time="0.659" /><testcase classname="tests.test_creator_api.TestMarketplaceSearch" name="test_get_trending_tools" time="0.109" /><testcase classname="tests.test_creator_api.TestMarketplaceSearch" name="test_get_categories" time="0.109" /><testcase classname="tests.test_creator_api.TestAIRecommendations" name="test_get_recommendations" time="8.656" /><testcase classname="tests.test_creator_api.TestAIRecommendations" name="test_update_preferences" time="0.171" /><testcase classname="tests.test_creator_api.TestAIRecommendations" name="test_track_interaction" time="0.113" /><testcase classname="tests.test_creator_api.TestRevenueAnalytics" name="test_get_revenue_analytics" time="0.126" /><testcase classname="tests.test_creator_api.TestRevenueAnalytics" name="test_get_revenue_metrics" time="0.128" /><testcase classname="tests.test_creator_api.TestRevenueAnalytics" name="test_revenue_analytics_with_date_filter" time="0.128" /><testcase classname="tests.test_creator_api.TestEdgeCases" name="test_search_with_invalid_category" time="0.126" /><testcase classname="tests.test_creator_api.TestEdgeCases" name="test_delete_nonexistent_portfolio_item" time="0.113" /><testcase classname="tests.test_creator_api.TestEdgeCases" name="test_get_nonexistent_profile" time="0.108" /><testcase classname="tests.test_creator_api.TestEdgeCases" name="test_recommendations_limit" time="26.799" /></testsuite></testsuites>