<?xml version="1.0" encoding="utf-8"?><testsuites name="pytest tests"><testsuite name="pytest" errors="0" failures="0" skipped="1" tests="24" time="179.059" timestamp="2026-04-03T07:34:02.142614+00:00" hostname="agent-env-34073451-29bb-4bec-ab81-d106f55a76e0"><testcase classname="tests.test_hybrid_integrations.TestHybridIntegrationsStatus" name="test_hybrid_status_endpoint" time="0.141" /><testcase classname="tests.test_hybrid_integrations.TestHybridIntegrationsStatus" name="test_hybrid_demo_endpoint" time="0.110" /><testcase classname="tests.test_hybrid_integrations.TestLLMHubModels" name="test_list_available_models" time="0.106" /><testcase classname="tests.test_hybrid_integrations.TestLLMHubChat" name="test_chat_with_default_model" time="0.791" /><testcase classname="tests.test_hybrid_integrations.TestLLMHubChat" name="test_chat_with_grok_model" time="0.699" /><testcase classname="tests.test_hybrid_integrations.TestLLMHubChat" name="test_chat_with_claude_model" time="2.865" /><testcase classname="tests.test_hybrid_integrations.TestLLMHubChat" name="test_chat_with_gemini_model" time="2.921" /><testcase classname="tests.test_hybrid_integrations.TestLLMHubChat" name="test_chat_with_invalid_model_fallback" time="0.931"><skipped type="pytest.skip" message="Known bug: Invalid model fallback not working - see llm_hub.py line 173">/app/backend/tests/test_hybrid_integrations.py:133: Known bug: Invalid model fallback not working - see llm_hub.py line 173</skipped></testcase><testcase classname="tests.test_hybrid_integrations.TestCodeGeneration" name="test_code_generation_python" time="5.781" /><testcase classname="tests.test_hybrid_integrations.TestCodeGeneration" name="test_code_generation_javascript" time="7.069" /><testcase classname="tests.test_hybrid_integrations.TestMultilingual" name="test_multilingual_spanish" time="7.150" /><testcase classname="tests.test_hybrid_integrations.TestMultilingual" name="test_multilingual_french" time="14.001" /><testcase classname="tests.test_hybrid_integrations.TestAdvancedReasoning" name="test_reasoning_step_by_step" time="5.828" /><testcase classname="tests.test_hybrid_integrations.TestAdvancedReasoning" name="test_reasoning_analytical" time="8.058" /><testcase classname="tests.test_hybrid_integrations.TestImageGeneration" name="test_generate_image_basic" time="12.448" /><testcase classname="tests.test_hybrid_integrations.TestImageGeneration" name="test_generate_image_with_style" time="18.753" /><testcase classname="tests.test_hybrid_integrations.TestPortfolioBanner" name="test_create_portfolio_banner" time="14.834" /><testcase classname="tests.test_hybrid_integrations.TestProductMockup" name="test_create_product_mockup" time="25.021" /><testcase classname="tests.test_hybrid_integrations.TestERNIEIntegration" name="test_ernie_status" time="0.118" /><testcase classname="tests.test_hybrid_integrations.TestERNIEIntegration" name="test_ernie_command_execution" time="0.869" /><testcase classname="tests.test_hybrid_integrations.TestERNIEIntegration" name="test_ernie_demo" time="49.786" /><testcase classname="tests.test_hybrid_integrations.TestExistingFeaturesRegression" name="test_creator_status" time="0.129" /><testcase classname="tests.test_hybrid_integrations.TestExistingFeaturesRegression" name="test_api_root" time="0.108" /><testcase classname="tests.test_hybrid_integrations.TestExistingFeaturesRegression" name="test_openclaw_status" time="0.455" /></testsuite></testsuites>