<?xml version="1.0" encoding="utf-8"?><testsuites name="pytest tests"><testsuite name="pytest" errors="0" failures="0" skipped="0" tests="18" time="8.527" timestamp="2026-04-02T01:55:58.611006+00:00" hostname="agent-env-34073451-29bb-4bec-ab81-d106f55a76e0"><testcase classname="tests.test_nexus_api.TestHealthEndpoints" name="test_root_api" time="0.221" /><testcase classname="tests.test_nexus_api.TestHealthEndpoints" name="test_auth_instance_status" time="0.171" /><testcase classname="tests.test_nexus_api.TestMaintenanceHealthMonitor" name="test_system_health_endpoint" time="1.325" /><testcase classname="tests.test_nexus_api.TestMaintenanceHealthMonitor" name="test_mongodb_component_health" time="1.305" /><testcase classname="tests.test_nexus_api.TestMaintenanceHealthMonitor" name="test_system_resources_component" time="1.321" /><testcase classname="tests.test_nexus_api.TestMaintenanceHealthMonitor" name="test_openclaw_gateway_component" time="1.295" /><testcase classname="tests.test_nexus_api.TestMaintenanceHealthMonitor" name="test_api_endpoints_component" time="1.354" /><testcase classname="tests.test_nexus_api.TestWorkOrderEndpoints" name="test_list_work_orders" time="0.108" /><testcase classname="tests.test_nexus_api.TestWorkOrderEndpoints" name="test_work_order_stats" time="0.128" /><testcase classname="tests.test_nexus_api.TestMultimodalEndpoints" name="test_multimodal_status" time="0.103" /><testcase classname="tests.test_nexus_api.TestMultimodalEndpoints" name="test_tts_voices_endpoint" time="0.110" /><testcase classname="tests.test_nexus_api.TestMultimodalEndpoints" name="test_stt_languages_endpoint" time="0.116" /><testcase classname="tests.test_nexus_api.TestOpenClawEndpoints" name="test_openclaw_status" time="0.246" /><testcase classname="tests.test_nexus_api.TestOpenClawEndpoints" name="test_openclaw_start_requires_auth" time="0.103" /><testcase classname="tests.test_nexus_api.TestOpenClawEndpoints" name="test_openclaw_stop_requires_auth" time="0.115" /><testcase classname="tests.test_nexus_api.TestOpenClawEndpoints" name="test_openclaw_token_requires_auth" time="0.116" /><testcase classname="tests.test_nexus_api.TestKnowledgeBaseEndpoints" name="test_search_knowledge_base" time="0.118" /><testcase classname="tests.test_nexus_api.TestTroubleshootingEndpoints" name="test_troubleshooting_suggestions" time="0.113" /></testsuite></testsuites>